{"C:\\Code\\Personal\\Jukebox\\index.js": {"path":"C:\\Code\\Personal\\Jukebox\\index.js","statementMap":{"0":{"start":{"line":1,"column":11},"end":{"line":122,"column":1}},"1":{"start":{"line":129,"column":27},"end":{"line":129,"column":69}},"2":{"start":{"line":130,"column":4},"end":{"line":141,"column":5}},"3":{"start":{"line":131,"column":8},"end":{"line":131,"column":14}},"4":{"start":{"line":134,"column":8},"end":{"line":134,"column":56}},"5":{"start":{"line":136,"column":28},"end":{"line":136,"column":59}},"6":{"start":{"line":137,"column":8},"end":{"line":137,"column":50}},"7":{"start":{"line":138,"column":8},"end":{"line":138,"column":45}},"8":{"start":{"line":139,"column":8},"end":{"line":139,"column":43}},"9":{"start":{"line":140,"column":8},"end":{"line":140,"column":30}},"10":{"start":{"line":143,"column":0},"end":{"line":143,"column":26}},"11":{"start":{"line":149,"column":30},"end":{"line":149,"column":75}},"12":{"start":{"line":150,"column":4},"end":{"line":162,"column":5}},"13":{"start":{"line":151,"column":8},"end":{"line":151,"column":14}},"14":{"start":{"line":154,"column":8},"end":{"line":154,"column":59}},"15":{"start":{"line":156,"column":28},"end":{"line":156,"column":59}},"16":{"start":{"line":157,"column":8},"end":{"line":157,"column":50}},"17":{"start":{"line":158,"column":8},"end":{"line":158,"column":45}},"18":{"start":{"line":159,"column":8},"end":{"line":159,"column":43}},"19":{"start":{"line":160,"column":8},"end":{"line":160,"column":30}},"20":{"start":{"line":161,"column":8},"end":{"line":161,"column":25}},"21":{"start":{"line":166,"column":16},"end":{"line":166,"column":37}},"22":{"start":{"line":167,"column":19},"end":{"line":167,"column":49}},"23":{"start":{"line":169,"column":17},"end":{"line":169,"column":39}},"24":{"start":{"line":170,"column":15},"end":{"line":170,"column":37}},"25":{"start":{"line":172,"column":4},"end":{"line":172,"column":67}},"26":{"start":{"line":173,"column":4},"end":{"line":173,"column":63}},"27":{"start":{"line":174,"column":4},"end":{"line":174,"column":69}},"28":{"start":{"line":175,"column":4},"end":{"line":175,"column":19}},"29":{"start":{"line":176,"column":4},"end":{"line":190,"column":14}},"30":{"start":{"line":177,"column":25},"end":{"line":177,"column":59}},"31":{"start":{"line":178,"column":8},"end":{"line":178,"column":52}},"32":{"start":{"line":179,"column":8},"end":{"line":179,"column":47}},"33":{"start":{"line":181,"column":31},"end":{"line":181,"column":73}},"34":{"start":{"line":182,"column":8},"end":{"line":182,"column":59}},"35":{"start":{"line":184,"column":28},"end":{"line":184,"column":62}},"36":{"start":{"line":185,"column":8},"end":{"line":185,"column":53}},"37":{"start":{"line":186,"column":8},"end":{"line":186,"column":48}},"38":{"start":{"line":188,"column":34},"end":{"line":188,"column":79}},"39":{"start":{"line":189,"column":8},"end":{"line":189,"column":62}},"40":{"start":{"line":193,"column":0},"end":{"line":193,"column":31}},"41":{"start":{"line":201,"column":4},"end":{"line":201,"column":67}},"42":{"start":{"line":208,"column":4},"end":{"line":208,"column":69}},"43":{"start":{"line":209,"column":18},"end":{"line":209,"column":56}},"44":{"start":{"line":210,"column":18},"end":{"line":210,"column":59}},"45":{"start":{"line":212,"column":4},"end":{"line":212,"column":43}},"46":{"start":{"line":213,"column":4},"end":{"line":213,"column":40}}},"fnMap":{"0":{"name":"getLetter","decl":{"start":{"line":128,"column":9},"end":{"line":128,"column":18}},"loc":{"start":{"line":128,"column":26},"end":{"line":142,"column":1}},"line":128},"1":{"name":"getNumber","decl":{"start":{"line":148,"column":9},"end":{"line":148,"column":18}},"loc":{"start":{"line":148,"column":26},"end":{"line":163,"column":1}},"line":148},"2":{"name":"combineButtons","decl":{"start":{"line":165,"column":9},"end":{"line":165,"column":23}},"loc":{"start":{"line":165,"column":25},"end":{"line":191,"column":1}},"line":165},"3":{"name":"(anonymous_3)","decl":{"start":{"line":176,"column":15},"end":{"line":176,"column":16}},"loc":{"start":{"line":176,"column":25},"end":{"line":190,"column":6}},"line":176},"4":{"name":"pageLeft","decl":{"start":{"line":200,"column":9},"end":{"line":200,"column":17}},"loc":{"start":{"line":200,"column":19},"end":{"line":202,"column":1}},"line":200},"5":{"name":"pageRight","decl":{"start":{"line":207,"column":9},"end":{"line":207,"column":18}},"loc":{"start":{"line":207,"column":20},"end":{"line":215,"column":1}},"line":207}},"branchMap":{"0":{"loc":{"start":{"line":130,"column":4},"end":{"line":141,"column":5}},"type":"if","locations":[{"start":{"line":130,"column":4},"end":{"line":141,"column":5}},{"start":{"line":130,"column":4},"end":{"line":141,"column":5}}],"line":130},"1":{"loc":{"start":{"line":150,"column":4},"end":{"line":162,"column":5}},"type":"if","locations":[{"start":{"line":150,"column":4},"end":{"line":162,"column":5}},{"start":{"line":150,"column":4},"end":{"line":162,"column":5}}],"line":150}},"s":{"0":2,"1":0,"2":0,"3":0,"4":0,"5":0,"6":0,"7":0,"8":0,"9":0,"10":2,"11":0,"12":0,"13":0,"14":0,"15":0,"16":0,"17":0,"18":0,"19":0,"20":0,"21":0,"22":0,"23":0,"24":0,"25":0,"26":0,"27":0,"28":0,"29":0,"30":0,"31":0,"32":0,"33":0,"34":0,"35":0,"36":0,"37":0,"38":0,"39":0,"40":2,"41":0,"42":0,"43":0,"44":0,"45":0,"46":0},"f":{"0":0,"1":0,"2":0,"3":0,"4":0,"5":0},"b":{"0":[0,0],"1":[0,0]},"_coverageSchema":"1a1c01bbd47fc00a2c39e90264f33305004495a9","hash":"fcc619396e6a9abac3cd6dddeae56051bc2b0755"}
}
