TN:
SF:index.js
FN:128,getLetter
FN:148,getNumber
FN:165,combineButtons
FN:176,(anonymous_3)
FN:200,pageLeft
FN:207,pageRight
FNF:6
FNH:0
FNDA:0,getLetter
FNDA:0,getNumber
FNDA:0,combineButtons
FNDA:0,(anonymous_3)
FNDA:0,pageLeft
FNDA:0,pageRight
DA:1,2
DA:129,0
DA:130,0
DA:131,0
DA:134,0
DA:136,0
DA:137,0
DA:138,0
DA:139,0
DA:140,0
DA:143,2
DA:149,0
DA:150,0
DA:151,0
DA:154,0
DA:156,0
DA:157,0
DA:158,0
DA:159,0
DA:160,0
DA:161,0
DA:166,0
DA:167,0
DA:169,0
DA:170,0
DA:172,0
DA:173,0
DA:174,0
DA:175,0
DA:176,0
DA:177,0
DA:178,0
DA:179,0
DA:181,0
DA:182,0
DA:184,0
DA:185,0
DA:186,0
DA:188,0
DA:189,0
DA:193,2
DA:201,0
DA:208,0
DA:209,0
DA:210,0
DA:212,0
DA:213,0
LF:47
LH:3
BRDA:130,0,0,0
BRDA:130,0,1,0
BRDA:150,1,0,0
BRDA:150,1,1,0
BRF:4
BRH:0
end_of_record
